memory profiling: line profiling: sample.interval=20000
:698493:2239030:61342960:0:
#File 1: 
:704550:2370102:61663224:240:1#8 "lapply" "sapply" 1#8 "brute_force_knapsack" 
:771945:2370102:64585640:2174:"intToBits" 1#8 "FUN" 1#8 "lapply" "sapply" 1#8 "brute_force_knapsack" 
:911387:2370102:70631064:4498:"intToBits" 1#8 "FUN" 1#8 "lapply" "sapply" 1#8 "brute_force_knapsack" 
:1032706:2370102:75890472:3914:1#8 "FUN" 1#8 "lapply" "sapply" 1#8 "brute_force_knapsack" 
:1103680:2370102:78967896:2289:1#8 "FUN" 1#8 "lapply" "sapply" 1#8 "brute_force_knapsack" 
:1103680:2370102:78967896:0:1#8 "FUN" 1#8 "lapply" "sapply" 1#8 "brute_force_knapsack" 
:1103680:2370102:78967896:0:1#8 "FUN" 1#8 "lapply" "sapply" 1#8 "brute_force_knapsack" 
:1103680:2370102:78967896:0:1#8 "FUN" 1#8 "lapply" "sapply" 1#8 "brute_force_knapsack" 
:1103680:2370102:78967896:0:1#8 "FUN" 1#8 "lapply" "sapply" 1#8 "brute_force_knapsack" 
:1103680:2370102:78967896:0:1#8 "FUN" 1#8 "lapply" "sapply" 1#8 "brute_force_knapsack" 
:1103680:2370102:78967896:0:1#8 "FUN" 1#8 "lapply" "sapply" 1#8 "brute_force_knapsack" 
:1145215:2370102:80768296:1340:1#8 "lapply" "sapply" 1#8 "brute_force_knapsack" 
:1145215:2370102:80768296:0:1#8 "lapply" "sapply" 1#8 "brute_force_knapsack" 
:858100:1283334:63881888:1970:"intToBits" 1#8 "FUN" 1#8 "lapply" "sapply" 1#8 "brute_force_knapsack" 
:1084710:1283334:73706528:7310:"intToBits" 1#8 "FUN" 1#8 "lapply" "sapply" 1#8 "brute_force_knapsack" 
:1247604:1283334:80768296:5255:1#8 "FUN" 1#8 "lapply" "sapply" 1#8 "brute_force_knapsack" 
:1117407:1283334:70896392:6583:1#8 "FUN" 1#8 "lapply" "sapply" 1#8 "brute_force_knapsack" 
:1345102:1283334:80768296:7345:1#8 "intToBits" 1#8 "FUN" 1#8 "lapply" "sapply" 1#8 "brute_force_knapsack" 
:1218320:1283334:71220408:6244:1#8 "FUN" 1#8 "lapply" "sapply" 1#8 "brute_force_knapsack" 
:1429845:1283334:80391192:6824:1#8 "FUN" 1#8 "lapply" "sapply" 1#8 "brute_force_knapsack" 
:1306300:1283334:71153264:5917:1#8 "FUN" 1#8 "lapply" "sapply" 1#8 "brute_force_knapsack" 
:1420596:1938694:76113632:3688:"unlist" "as.vector" "simplify2array" "sapply" 1#8 "brute_force_knapsack" 
:1420603:2462982:76115928:1:"array" "simplify2array" "sapply" 1#8 "brute_force_knapsack" 
:1420640:3052806:76123152:5:"apply" 1#23 "brute_force_knapsack" 
:1212940:2397446:64894872:3471:"%*%" 1#17 "FUN" "apply" 1#23 "brute_force_knapsack" 
:1275616:2397446:72510144:4885:"[[" "$.data.frame" "$" "t" 1#17 "FUN" "apply" 1#23 "brute_force_knapsack" 
:1343607:2397446:80768296:5298:"nargs" "[[.data.frame" "[[" "$.data.frame" "$" "t" 1#17 "FUN" "apply" 1#23 "brute_force_knapsack" 
:1281753:2397446:73139640:5714:"t" 1#17 "FUN" "apply" 1#23 "brute_force_knapsack" 
:1212694:2397446:64638112:5088:"<Anonymous>" "[[.data.frame" "[[" "$.data.frame" "$" "t" 1#17 "FUN" "apply" 1#23 "brute_force_knapsack" 
:1290665:2397446:74104520:6074:1#20 "FUN" "apply" 1#23 "brute_force_knapsack" 
:1345514:2397446:80768296:4274:"match" "%in%" "[[.data.frame" "[[" "$.data.frame" "$" "t" 1#17 "FUN" "apply" 1#23 "brute_force_knapsack" 
:1287848:2397446:73653496:5912:".subset2" "<Anonymous>" "[[.data.frame" "[[" "$.data.frame" "$" "t" 1#17 "FUN" "apply" 1#23 "brute_force_knapsack" 
:1218319:2397446:65097200:4921:1#17 "t" 1#17 "FUN" "apply" 1#23 "brute_force_knapsack" 
:1285253:2397446:73230416:5218:1#17 "t" 1#17 "FUN" "apply" 1#23 "brute_force_knapsack" 
:1347331:2397446:80768296:4837:"%*%" 1#17 "FUN" "apply" 1#23 "brute_force_knapsack" 
:1265698:2397446:70733264:3908:"nargs" "[[.data.frame" "[[" "$.data.frame" "$" "t" 1#17 "FUN" "apply" 1#23 "brute_force_knapsack" 
:1339316:2397446:79676184:5738:"[[.data.frame" "[[" "$.data.frame" "$" "t" 1#17 "FUN" "apply" 1#23 "brute_force_knapsack" 
:1348321:2397446:80768296:700:"[[.data.frame" "[[" "$.data.frame" "$" "t" 1#17 "FUN" "apply" 1#23 "brute_force_knapsack" 
:1348321:2397446:80768296:0:"[[.data.frame" "[[" "$.data.frame" "$" "t" 1#17 "FUN" "apply" 1#23 "brute_force_knapsack" 
:1348321:2397446:80768296:0:"[[.data.frame" "[[" "$.data.frame" "$" "t" 1#17 "FUN" "apply" 1#23 "brute_force_knapsack" 
:1348321:2397446:80768296:0:"[[.data.frame" "[[" "$.data.frame" "$" "t" 1#17 "FUN" "apply" 1#23 "brute_force_knapsack" 
:1348321:2397446:80768296:0:"[[.data.frame" "[[" "$.data.frame" "$" "t" 1#17 "FUN" "apply" 1#23 "brute_force_knapsack" 
:1348321:2397446:80768296:0:"[[.data.frame" "[[" "$.data.frame" "$" "t" 1#17 "FUN" "apply" 1#23 "brute_force_knapsack" 
:674477:2286918:61301800:330:"[[.data.frame" "[[" "$.data.frame" "$" "t" 1#17 "FUN" "apply" 1#23 "brute_force_knapsack" 
:748555:2286918:70300832:5774:"[[.data.frame" "[[" "$.data.frame" "$" "t" 1#17 "FUN" "apply" 1#23 "brute_force_knapsack" 
:825551:2286918:79650368:5998:"[[.data.frame" "[[" "$.data.frame" "$" "t" 1#17 "FUN" "apply" 1#23 "brute_force_knapsack" 
:898232:2286918:88475800:5662:"t" 1#17 "FUN" "apply" 1#23 "brute_force_knapsack" 
:954887:2286918:95357640:4416:"FUN" "apply" 1#23 "brute_force_knapsack" 
:676814:2286918:61315632:2630:"match" "%in%" "[[.data.frame" "[[" "$.data.frame" "$" "t" 1#17 "FUN" "apply" 1#23 "brute_force_knapsack" 
:745319:2286918:69633536:5338:1#18 "FUN" "apply" 1#23 "brute_force_knapsack" 
:825169:2286918:79336040:6224:"match" "%in%" "[[.data.frame" "[[" "$.data.frame" "$" "t" 1#17 "FUN" "apply" 1#23 "brute_force_knapsack" 
:892824:2286918:87550792:5271:"apply" 1#23 "brute_force_knapsack" 
:961306:2286918:95871888:5338:"t" 1#17 "FUN" "apply" 1#23 "brute_force_knapsack" 
:708950:2286918:64957928:4489:"t" 1#17 "FUN" "apply" 1#23 "brute_force_knapsack" 
:786328:2286918:74353216:6027:"%in%" "[[.data.frame" "[[" "$.data.frame" "$" "t" 1#17 "FUN" "apply" 1#23 "brute_force_knapsack" 
:860253:2286918:83333880:5762:"t" 1#17 "FUN" "apply" 1#23 "brute_force_knapsack" 
:936163:2286918:92548400:5912:"FUN" "apply" 1#23 "brute_force_knapsack" 
:986522:2286918:98665728:3924:"$" "t" 1#17 "FUN" "apply" 1#23 "brute_force_knapsack" 
:745204:2286918:69098232:5206:"is.matrix" "<Anonymous>" "[[.data.frame" "[[" "$.data.frame" "$" "t" 1#17 "FUN" "apply" 1#23 "brute_force_knapsack" 
:825912:2286918:78900472:6289:"t.default" "t" 1#17 "FUN" "apply" 1#23 "brute_force_knapsack" 
:905360:2286918:88547536:6189:"[[.data.frame" "[[" "$.data.frame" "$" "t" 1#17 "FUN" "apply" 1#23 "brute_force_knapsack" 
:989451:2286918:98763224:6554:"t" 1#17 "FUN" "apply" 1#23 "brute_force_knapsack" 
:755714:2286918:70111552:5646:"<Anonymous>" "[[.data.frame" "[[" "$.data.frame" "$" "t" 1#17 "FUN" "apply" 1#23 "brute_force_knapsack" 
:841184:2286918:80492216:6660:"<Anonymous>" "[[.data.frame" "[[" "$.data.frame" "$" "t" 1#17 "FUN" "apply" 1#23 "brute_force_knapsack" 
:921062:2286918:90192032:6224:"%*%" 1#17 "FUN" "apply" 1#23 "brute_force_knapsack" 
:994942:2286918:99161944:5754:"apply" 1#23 "brute_force_knapsack" 
:770602:2286918:71658832:6238:"is.matrix" "<Anonymous>" "[[.data.frame" "[[" "$.data.frame" "$" "t" 1#17 "FUN" "apply" 1#23 "brute_force_knapsack" 
:847958:2286918:81050592:6026:"apply" 1#23 "brute_force_knapsack" 
:921610:2286918:89999448:5741:1#17 "t" 1#17 "FUN" "apply" 1#23 "brute_force_knapsack" 
:994991:2286918:98911904:5718:1#17 "t" 1#17 "FUN" "apply" 1#23 "brute_force_knapsack" 
:760339:2286918:70149688:5284:"match" "%in%" "[[.data.frame" "[[" "$.data.frame" "$" "t" 1#17 "FUN" "apply" 1#23 "brute_force_knapsack" 
:834020:2286918:79096472:5740:"$.data.frame" "$" "t" 1#17 "FUN" "apply" 1#23 "brute_force_knapsack" 
:909106:2286918:88219544:5853:"t" 1#17 "FUN" "apply" 1#23 "brute_force_knapsack" 
:980956:2286918:96945800:5599:1#17 "t" 1#17 "FUN" "apply" 1#23 "brute_force_knapsack" 
:743283:2286918:67818352:4907:"[[.data.frame" "[[" "$.data.frame" "$" "t" 1#17 "FUN" "apply" 1#23 "brute_force_knapsack" 
:825181:2286918:77762160:6380:1#18 "FUN" "apply" 1#23 "brute_force_knapsack" 
:900674:2286918:86934960:5884:"t" 1#17 "FUN" "apply" 1#23 "brute_force_knapsack" 
:976642:2286918:96157992:5918:"apply" 1#23 "brute_force_knapsack" 
:738320:2286918:66963568:4721:"t.default" "t" 1#17 "FUN" "apply" 1#23 "brute_force_knapsack" 
:814534:2286918:76218632:5937:"match" "%in%" "[[.data.frame" "[[" "$.data.frame" "$" "t" 1#17 "FUN" "apply" 1#23 "brute_force_knapsack" 
:889613:2286918:85338008:5851:"[[.data.frame" "[[" "$.data.frame" "$" "t" 1#17 "FUN" "apply" 1#23 "brute_force_knapsack" 
:967141:2286918:94750656:6039:"t" 1#17 "FUN" "apply" 1#23 "brute_force_knapsack" 
:729589:2286918:65642024:4635:"%in%" "[[.data.frame" "[[" "$.data.frame" "$" "t" 1#17 "FUN" "apply" 1#23 "brute_force_knapsack" 
:810055:2286918:75416208:6271:"t" 1#17 "FUN" "apply" 1#23 "brute_force_knapsack" 
:889413:2286918:85050840:6182:"FUN" "apply" 1#23 "brute_force_knapsack" 
:967568:2286918:94543232:6090:"apply" 1#23 "brute_force_knapsack" 
:739330:2286918:66568880:5221:"[[" "$.data.frame" "$" "t" 1#17 "FUN" "apply" 1#23 "brute_force_knapsack" 
:815329:2286918:75798352:5921:"$" "t" 1#17 "FUN" "apply" 1#23 "brute_force_knapsack" 
:895044:2286918:85484000:6215:1#17 "t" 1#17 "FUN" "apply" 1#23 "brute_force_knapsack" 
:975651:2286918:95272968:6280:"match" "%in%" "[[.data.frame" "[[" "$.data.frame" "$" "t" 1#17 "FUN" "apply" 1#23 "brute_force_knapsack" 
:748131:2286918:67388384:5139:1#18 "FUN" "apply" 1#23 "brute_force_knapsack" 
:830214:2286918:77358288:6396:"apply" 1#23 "brute_force_knapsack" 
:905443:2286918:86494744:5862:1#21 "FUN" "apply" 1#23 "brute_force_knapsack" 
:985237:2286918:96187168:6218:"[[.data.frame" "[[" "$.data.frame" "$" "t" 1#17 "FUN" "apply" 1#23 "brute_force_knapsack" 
:721422:2286918:63888944:2187:"t.default" "t" 1#17 "FUN" "apply" 1#23 "brute_force_knapsack" 
:801240:2286918:73579128:6217:"apply" 1#23 "brute_force_knapsack" 
:883812:2286918:83610296:6435:"all" "[[.data.frame" "[[" "$.data.frame" "$" "t" 1#17 "FUN" "apply" 1#23 "brute_force_knapsack" 
:958194:2286918:92644888:5797:"<Anonymous>" "[[.data.frame" "[[" "$.data.frame" "$" "t" 1#17 "FUN" "apply" 1#23 "brute_force_knapsack" 
:729720:2286918:64648528:4806:"t" 1#17 "FUN" "apply" 1#23 "brute_force_knapsack" 
:810233:2286918:74423440:6272:"FUN" "apply" 1#23 "brute_force_knapsack" 
:889956:2286918:84109200:6214:"[[.data.frame" "[[" "$.data.frame" "$" "t" 1#17 "FUN" "apply" 1#23 "brute_force_knapsack" 
:959356:2352454:92537872:5407:"apply" 1#23 "brute_force_knapsack" 
