memory profiling: line profiling: sample.interval=20000
#File 1: 
:758143:1256774:75828816:356:"sys.parent" "sys.function" "match.call" "stopifnot" 1#4 "FUN" 1#4 "lapply" 1#4 "knapsack_dynamic" 
:764827:3261776:78174096:2671:"matrix" 1#8 "knapsack_dynamic" 
:764827:3261776:78174096:0:"matrix" 1#8 "knapsack_dynamic" 
:769903:3263026:80305400:0:1#12 "knapsack_dynamic" 
:771007:3263026:80768296:0:1#15 "knapsack_dynamic" 
:771007:3263026:80768296:0:1#15 "knapsack_dynamic" 
:708631:2237631:65857960:0:1#15 "knapsack_dynamic" 
:732385:2239631:74754232:857:1#12 "knapsack_dynamic" 
:744421:2240631:79808568:0:1#15 "knapsack_dynamic" 
:744421:2240631:79808568:0:1#15 "knapsack_dynamic" 
:744421:2240631:79808568:0:1#15 "knapsack_dynamic" 
:744421:2240631:79808568:0:1#15 "knapsack_dynamic" 
:744421:2240631:79808568:0:1#15 "knapsack_dynamic" 
:744421:2240631:79808568:0:1#15 "knapsack_dynamic" 
:744421:2240631:79808568:0:1#15 "knapsack_dynamic" 
:744421:2240631:79808568:0:1#15 "knapsack_dynamic" 
:744421:2240631:79808568:0:1#15 "knapsack_dynamic" 
:744421:2240631:79808568:0:1#15 "knapsack_dynamic" 
:744421:2240631:79808568:0:1#15 "knapsack_dynamic" 
:744421:2240631:79808568:0:1#15 "knapsack_dynamic" 
:744421:2240631:79808568:0:1#15 "knapsack_dynamic" 
:744421:2240631:79808568:0:1#15 "knapsack_dynamic" 
:744421:2240631:79808568:0:1#15 "knapsack_dynamic" 
:744421:2240631:79808568:0:1#15 "knapsack_dynamic" 
:744421:2240631:79808568:0:1#15 "knapsack_dynamic" 
:744421:2240631:79808568:0:1#15 "knapsack_dynamic" 
:744421:2240631:79808568:0:1#15 "knapsack_dynamic" 
:744421:2240631:79808568:0:1#15 "knapsack_dynamic" 
:744421:2240631:79808568:0:1#15 "knapsack_dynamic" 
:744421:2240631:79808568:0:1#15 "knapsack_dynamic" 
:744421:2240631:79808568:0:1#15 "knapsack_dynamic" 
:744421:2240631:79808568:0:1#15 "knapsack_dynamic" 
:744421:2240631:79808568:0:1#15 "knapsack_dynamic" 
:744421:2240631:79808568:0:1#15 "knapsack_dynamic" 
:744421:2240631:79808568:0:1#15 "knapsack_dynamic" 
:744421:2240631:79808568:0:1#15 "knapsack_dynamic" 
:744421:2240631:79808568:0:1#15 "knapsack_dynamic" 
:744421:2240631:79808568:0:1#15 "knapsack_dynamic" 
:744421:2240631:79808568:0:1#15 "knapsack_dynamic" 
:744421:2240631:79808568:0:1#15 "knapsack_dynamic" 
:744421:2240631:79808568:0:1#15 "knapsack_dynamic" 
:744421:2240631:79808568:0:1#15 "knapsack_dynamic" 
:744421:2240631:79808568:0:1#15 "knapsack_dynamic" 
:704294:2236631:64036336:0:1#12 "knapsack_dynamic" 
:738604:2239631:76602344:1463:1#15 "knapsack_dynamic" 
:705911:2238631:64714496:171:1#15 "knapsack_dynamic" 
:737037:2241631:76359304:1132:1#15 "knapsack_dynamic" 
