sample.interval=20000
">" "stopifnot" "greedy_knapsack" 
"[[.data.frame" "[[" "$.data.frame" "$" "greedy_knapsack" 
"[[.data.frame" "[[" "$.data.frame" "$" "greedy_knapsack" 
"[[.data.frame" "[[" "$.data.frame" "$" "greedy_knapsack" 
"[[.data.frame" "[[" "$.data.frame" "$" "greedy_knapsack" 
"[[.data.frame" "[[" "$.data.frame" "$" "greedy_knapsack" 
"[[.data.frame" "[[" "$.data.frame" "$" "greedy_knapsack" 
"[[.data.frame" "[[" "$.data.frame" "$" "greedy_knapsack" 
"[[.data.frame" "[[" "$.data.frame" "$" "greedy_knapsack" 
"[[.data.frame" "[[" "$.data.frame" "$" "greedy_knapsack" 
"[[.data.frame" "[[" "$.data.frame" "$" "greedy_knapsack" 
"[[.data.frame" "[[" "$.data.frame" "$" "greedy_knapsack" 
"[[.data.frame" "[[" "$.data.frame" "$" "greedy_knapsack" 
"[[.data.frame" "[[" "$.data.frame" "$" "greedy_knapsack" 
"[[.data.frame" "[[" "$.data.frame" "$" "greedy_knapsack" 
"[[.data.frame" "[[" "$.data.frame" "$" "greedy_knapsack" 
"[[.data.frame" "[[" "$.data.frame" "$" "greedy_knapsack" 
"[[.data.frame" "[[" "$.data.frame" "$" "greedy_knapsack" 
"[[.data.frame" "[[" "$.data.frame" "$" "greedy_knapsack" 
"[[.data.frame" "[[" "$.data.frame" "$" "greedy_knapsack" 
"[[.data.frame" "[[" "$.data.frame" "$" "greedy_knapsack" 
"[[.data.frame" "[[" "$.data.frame" "$" "greedy_knapsack" 
"[[.data.frame" "[[" "$.data.frame" "$" "greedy_knapsack" 
"[[.data.frame" "[[" "$.data.frame" "$" "greedy_knapsack" 
"[[.data.frame" "[[" "$.data.frame" "$" "greedy_knapsack" 
"[[.data.frame" "[[" "$.data.frame" "$" "greedy_knapsack" 
"[[.data.frame" "[[" "$.data.frame" "$" "greedy_knapsack" 
"[[.data.frame" "[[" "$.data.frame" "$" "greedy_knapsack" 
"[[.data.frame" "[[" "$.data.frame" "$" "greedy_knapsack" 
"[[.data.frame" "[[" "$.data.frame" "$" "greedy_knapsack" 
"[[.data.frame" "[[" "$.data.frame" "$" "greedy_knapsack" 
"[[.data.frame" "[[" "$.data.frame" "$" "greedy_knapsack" 
"[[.data.frame" "[[" "$.data.frame" "$" "greedy_knapsack" 
"order" "[.data.frame" "[" "greedy_knapsack" 
"order" "[.data.frame" "[" "greedy_knapsack" 
"order" "[.data.frame" "[" "greedy_knapsack" 
"order" "[.data.frame" "[" "greedy_knapsack" 
"order" "[.data.frame" "[" "greedy_knapsack" 
"order" "[.data.frame" "[" "greedy_knapsack" 
"order" "[.data.frame" "[" "greedy_knapsack" 
"order" "[.data.frame" "[" "greedy_knapsack" 
"order" "[.data.frame" "[" "greedy_knapsack" 
"order" "[.data.frame" "[" "greedy_knapsack" 
"order" "[.data.frame" "[" "greedy_knapsack" 
"order" "[.data.frame" "[" "greedy_knapsack" 
"order" "[.data.frame" "[" "greedy_knapsack" 
"order" "[.data.frame" "[" "greedy_knapsack" 
"order" "[.data.frame" "[" "greedy_knapsack" 
"order" "[.data.frame" "[" "greedy_knapsack" 
"order" "[.data.frame" "[" "greedy_knapsack" 
"order" "[.data.frame" "[" "greedy_knapsack" 
"order" "[.data.frame" "[" "greedy_knapsack" 
"order" "[.data.frame" "[" "greedy_knapsack" 
"order" "[.data.frame" "[" "greedy_knapsack" 
"order" "[.data.frame" "[" "greedy_knapsack" 
"order" "[.data.frame" "[" "greedy_knapsack" 
"order" "[.data.frame" "[" "greedy_knapsack" 
"order" "[.data.frame" "[" "greedy_knapsack" 
"order" "[.data.frame" "[" "greedy_knapsack" 
"order" "[.data.frame" "[" "greedy_knapsack" 
"order" "[.data.frame" "[" "greedy_knapsack" 
"order" "[.data.frame" "[" "greedy_knapsack" 
"order" "[.data.frame" "[" "greedy_knapsack" 
"order" "[.data.frame" "[" "greedy_knapsack" 
"order" "[.data.frame" "[" "greedy_knapsack" 
"order" "[.data.frame" "[" "greedy_knapsack" 
"[.data.frame" "[" "greedy_knapsack" 
"[.data.frame" "[" "greedy_knapsack" 
"[.data.frame" "[" "greedy_knapsack" 
"[.data.frame" "[" "greedy_knapsack" 
"[.data.frame" "[" "greedy_knapsack" 
"[.data.frame" "[" "greedy_knapsack" 
"anyDuplicated.default" "anyDuplicated" "[.data.frame" "[" "greedy_knapsack" 
"anyDuplicated.default" "anyDuplicated" "[.data.frame" "[" "greedy_knapsack" 
"anyDuplicated.default" "anyDuplicated" "[.data.frame" "[" "greedy_knapsack" 
".subset2" "<Anonymous>" "[[.data.frame" "[[" "$.data.frame" "$" "greedy_knapsack" 
"%in%" "[[.data.frame" "[[" "$.data.frame" "$" "stopifnot" "greedy_knapsack" 
