memory profiling: line profiling: sample.interval=20000
#File 1: C:\Users\Maxime\Documents\Lab6\Lab6/R/brute.R
:1177698:1422296:66193008:1397:1#27 "lapply" "sapply" 1#27 "brute_force_knapsack" 1#55 "eval" "eval" "source_one" "source_many" "force" "in_dir" "load_code" "load_all" "<Anonymous>" 
:1269862:1422296:70189168:2973:"intToBits" 1#27 "FUN" 1#27 "lapply" "sapply" 1#27 "brute_force_knapsack" 1#55 "eval" "eval" "source_one" "source_many" "force" "in_dir" "load_code" "load_all" "<Anonymous>" 
:1361808:1422296:74175080:2966:1#27 "lapply" "sapply" 1#27 "brute_force_knapsack" 1#55 "eval" "eval" "source_one" "source_many" "force" "in_dir" "load_code" "load_all" "<Anonymous>" 
:1366586:1422296:74382616:154:1#27 "FUN" 1#27 "lapply" "sapply" 1#27 "brute_force_knapsack" 1#55 "eval" "eval" "source_one" "source_many" "force" "in_dir" "load_code" "load_all" "<Anonymous>" 
:1366586:1422296:74382616:0:1#27 "FUN" 1#27 "lapply" "sapply" 1#27 "brute_force_knapsack" 1#55 "eval" "eval" "source_one" "source_many" "force" "in_dir" "load_code" "load_all" "<Anonymous>" 
:1366586:1422296:74382616:0:1#27 "FUN" 1#27 "lapply" "sapply" 1#27 "brute_force_knapsack" 1#55 "eval" "eval" "source_one" "source_many" "force" "in_dir" "load_code" "load_all" "<Anonymous>" 
:1366586:1422296:74382616:0:1#27 "FUN" 1#27 "lapply" "sapply" 1#27 "brute_force_knapsack" 1#55 "eval" "eval" "source_one" "source_many" "force" "in_dir" "load_code" "load_all" "<Anonymous>" 
:1366586:1422296:74382616:0:1#27 "FUN" 1#27 "lapply" "sapply" 1#27 "brute_force_knapsack" 1#55 "eval" "eval" "source_one" "source_many" "force" "in_dir" "load_code" "load_all" "<Anonymous>" 
:1366586:1422296:74382616:0:1#27 "FUN" 1#27 "lapply" "sapply" 1#27 "brute_force_knapsack" 1#55 "eval" "eval" "source_one" "source_many" "force" "in_dir" "load_code" "load_all" "<Anonymous>" 
:1366586:1422296:74382616:0:1#27 "FUN" 1#27 "lapply" "sapply" 1#27 "brute_force_knapsack" 1#55 "eval" "eval" "source_one" "source_many" "force" "in_dir" "load_code" "load_all" "<Anonymous>" 
:1366586:1422296:74382616:0:1#27 "FUN" 1#27 "lapply" "sapply" 1#27 "brute_force_knapsack" 1#55 "eval" "eval" "source_one" "source_many" "force" "in_dir" "load_code" "load_all" "<Anonymous>" 
:1366586:1422296:74382616:0:1#27 "FUN" 1#27 "lapply" "sapply" 1#27 "brute_force_knapsack" 1#55 "eval" "eval" "source_one" "source_many" "force" "in_dir" "load_code" "load_all" "<Anonymous>" 
:1366586:1422296:74382616:0:1#27 "FUN" 1#27 "lapply" "sapply" 1#27 "brute_force_knapsack" 1#55 "eval" "eval" "source_one" "source_many" "force" "in_dir" "load_code" "load_all" "<Anonymous>" 
:1366586:1422296:74382616:0:1#27 "FUN" 1#27 "lapply" "sapply" 1#27 "brute_force_knapsack" 1#55 "eval" "eval" "source_one" "source_many" "force" "in_dir" "load_code" "load_all" "<Anonymous>" 
:1366586:1422296:74382616:0:1#27 "FUN" 1#27 "lapply" "sapply" 1#27 "brute_force_knapsack" 1#55 "eval" "eval" "source_one" "source_many" "force" "in_dir" "load_code" "load_all" "<Anonymous>" 
:1366586:1422296:74382616:0:1#27 "FUN" 1#27 "lapply" "sapply" 1#27 "brute_force_knapsack" 1#55 "eval" "eval" "source_one" "source_many" "force" "in_dir" "load_code" "load_all" "<Anonymous>" 
:1366586:1422296:74382616:0:1#27 "FUN" 1#27 "lapply" "sapply" 1#27 "brute_force_knapsack" 1#55 "eval" "eval" "source_one" "source_many" "force" "in_dir" "load_code" "load_all" "<Anonymous>" 
:1366586:1422296:74382616:0:1#27 "FUN" 1#27 "lapply" "sapply" 1#27 "brute_force_knapsack" 1#55 "eval" "eval" "source_one" "source_many" "force" "in_dir" "load_code" "load_all" "<Anonymous>" 
:1366586:1422296:74382616:0:1#27 "FUN" 1#27 "lapply" "sapply" 1#27 "brute_force_knapsack" 1#55 "eval" "eval" "source_one" "source_many" "force" "in_dir" "load_code" "load_all" "<Anonymous>" 
:1373561:1422296:74684960:225:"intToBits" 1#27 "FUN" 1#27 "lapply" "sapply" 1#27 "brute_force_knapsack" 1#55 "eval" "eval" "source_one" "source_many" "force" "in_dir" "load_code" "load_all" "<Anonymous>" 
:1630144:1422296:85809192:8277:"intToBits" 1#27 "FUN" 1#27 "lapply" "sapply" 1#27 "brute_force_knapsack" 1#55 "eval" "eval" "source_one" "source_many" "force" "in_dir" "load_code" "load_all" "<Anonymous>" 
:1830873:1422296:94511648:6475:"intToBits" 1#27 "FUN" 1#27 "lapply" "sapply" 1#27 "brute_force_knapsack" 1#55 "eval" "eval" "source_one" "source_many" "force" "in_dir" "load_code" "load_all" "<Anonymous>" 
:1330782:1280436:62803944:3470:1#27 "FUN" 1#27 "lapply" "sapply" 1#27 "brute_force_knapsack" 1#55 "eval" "eval" "source_one" "source_many" "force" "in_dir" "load_code" "load_all" "<Anonymous>" 
:1583161:1280436:73745560:8141:":" 1#27 "FUN" 1#27 "lapply" "sapply" 1#27 "brute_force_knapsack" 1#55 "eval" "eval" "source_one" "source_many" "force" "in_dir" "load_code" "load_all" "<Anonymous>" 
:1812331:1280436:83680912:7393:1#27 "lapply" "sapply" 1#27 "brute_force_knapsack" 1#55 "eval" "eval" "source_one" "source_many" "force" "in_dir" "load_code" "load_all" "<Anonymous>" 
:2049132:1280436:93947448:7639:1#27 "FUN" 1#27 "lapply" "sapply" 1#27 "brute_force_knapsack" 1#55 "eval" "eval" "source_one" "source_many" "force" "in_dir" "load_code" "load_all" "<Anonymous>" 
:1564382:1280436:65060688:4441:"as.integer" 1#27 "FUN" 1#27 "lapply" "sapply" 1#27 "brute_force_knapsack" 1#55 "eval" "eval" "source_one" "source_many" "force" "in_dir" "load_code" "load_all" "<Anonymous>" 
:1829782:1280436:76567120:8561:1#27 "FUN" 1#27 "lapply" "sapply" 1#27 "brute_force_knapsack" 1#55 "eval" "eval" "source_one" "source_many" "force" "in_dir" "load_code" "load_all" "<Anonymous>" 
:1937611:1935796:81247320:3479:"unlist" "as.vector" "simplify2array" "sapply" 1#27 "brute_force_knapsack" 1#55 "eval" "eval" "source_one" "source_many" "force" "in_dir" "load_code" "load_all" "<Anonymous>" 
:1937618:2460084:81249616:1:"array" "simplify2array" "sapply" 1#27 "brute_force_knapsack" 1#55 "eval" "eval" "source_one" "source_many" "force" "in_dir" "load_code" "load_all" "<Anonymous>" 
:1937651:2984372:81255944:4:"aperm.default" "aperm" "apply" 1#42 "brute_force_knapsack" 1#55 "eval" "eval" "source_one" "source_many" "force" "in_dir" "load_code" "load_all" "<Anonymous>" 
:1999176:3049908:88734856:4798:"apply" 1#42 "brute_force_knapsack" 1#55 "eval" "eval" "source_one" "source_many" "force" "in_dir" "load_code" "load_all" "<Anonymous>" 
:2077919:3049908:98299992:6137:"FUN" "apply" 1#42 "brute_force_knapsack" 1#55 "eval" "eval" "source_one" "source_many" "force" "in_dir" "load_code" "load_all" "<Anonymous>" 
:1695624:2394548:70702296:4132:"[[" "$.data.frame" "$" "t" 1#36 "FUN" "apply" 1#42 "brute_force_knapsack" 1#55 "eval" "eval" "source_one" "source_many" "force" "in_dir" "load_code" "load_all" "<Anonymous>" 
:1774779:2394548:80315312:6168:"[[.data.frame" "[[" "$.data.frame" "$" "t" 1#36 "FUN" "apply" 1#42 "brute_force_knapsack" 1#55 "eval" "eval" "source_one" "source_many" "force" "in_dir" "load_code" "load_all" "<Anonymous>" 
:1851702:2394548:89658240:5994:"[[.data.frame" "[[" "$.data.frame" "$" "t" 1#36 "FUN" "apply" 1#42 "brute_force_knapsack" 1#55 "eval" "eval" "source_one" "source_many" "force" "in_dir" "load_code" "load_all" "<Anonymous>" 
:1928848:2394548:99024296:6008:"$" "t" 1#36 "FUN" "apply" 1#42 "brute_force_knapsack" 1#55 "eval" "eval" "source_one" "source_many" "force" "in_dir" "load_code" "load_all" "<Anonymous>" 
:1711156:2394548:72342368:4590:1#37 "FUN" "apply" 1#42 "brute_force_knapsack" 1#55 "eval" "eval" "source_one" "source_many" "force" "in_dir" "load_code" "load_all" "<Anonymous>" 
:1796803:2394548:82745712:6674:"[[.data.frame" "[[" "$.data.frame" "$" "t" 1#36 "FUN" "apply" 1#42 "brute_force_knapsack" 1#55 "eval" "eval" "source_one" "source_many" "force" "in_dir" "load_code" "load_all" "<Anonymous>" 
:1879370:2394548:92779288:6437:"names" "match" "%in%" "[[.data.frame" "[[" "$.data.frame" "$" "t" 1#36 "FUN" "apply" 1#42 "brute_force_knapsack" 1#55 "eval" "eval" "source_one" "source_many" "force" "in_dir" "load_code" "load_all" "<Anonymous>" 
:1666513:2394548:66687880:4837:"t" 1#36 "FUN" "apply" 1#42 "brute_force_knapsack" 1#55 "eval" "eval" "source_one" "source_many" "force" "in_dir" "load_code" "load_all" "<Anonymous>" 
:1750819:2394548:76923336:6567:"$" "t" 1#36 "FUN" "apply" 1#42 "brute_force_knapsack" 1#55 "eval" "eval" "source_one" "source_many" "force" "in_dir" "load_code" "load_all" "<Anonymous>" 
:1834289:2394548:87062528:6505:"[[.data.frame" "[[" "$.data.frame" "$" "t" 1#36 "FUN" "apply" 1#42 "brute_force_knapsack" 1#55 "eval" "eval" "source_one" "source_many" "force" "in_dir" "load_code" "load_all" "<Anonymous>" 
:1916369:2394548:97030472:6395:"$.data.frame" "$" "t" 1#36 "FUN" "apply" 1#42 "brute_force_knapsack" 1#55 "eval" "eval" "source_one" "source_many" "force" "in_dir" "load_code" "load_all" "<Anonymous>" 
:1705374:2394548:71167432:4853:"t" 1#36 "FUN" "apply" 1#42 "brute_force_knapsack" 1#55 "eval" "eval" "source_one" "source_many" "force" "in_dir" "load_code" "load_all" "<Anonymous>" 
:1789546:2394548:81394656:6562:".subset2" "<Anonymous>" "[[.data.frame" "[[" "$.data.frame" "$" "t" 1#36 "FUN" "apply" 1#42 "brute_force_knapsack" 1#55 "eval" "eval" "source_one" "source_many" "force" "in_dir" "load_code" "load_all" "<Anonymous>" 
:1876094:2394548:91906136:6744:"<Anonymous>" "[[.data.frame" "[[" "$.data.frame" "$" "t" 1#36 "FUN" "apply" 1#42 "brute_force_knapsack" 1#55 "eval" "eval" "source_one" "source_many" "force" "in_dir" "load_code" "load_all" "<Anonymous>" 
:1666610:2394548:66228344:4840:"match" "%in%" "[[.data.frame" "[[" "$.data.frame" "$" "t" 1#36 "FUN" "apply" 1#42 "brute_force_knapsack" 1#55 "eval" "eval" "source_one" "source_many" "force" "in_dir" "load_code" "load_all" "<Anonymous>" 
:1752125:2394548:76614216:6664:"$" "t" 1#36 "FUN" "apply" 1#42 "brute_force_knapsack" 1#55 "eval" "eval" "source_one" "source_many" "force" "in_dir" "load_code" "load_all" "<Anonymous>" 
:1837265:2394548:86954616:6635:1#37 "FUN" "apply" 1#42 "brute_force_knapsack" 1#55 "eval" "eval" "source_one" "source_many" "force" "in_dir" "load_code" "load_all" "<Anonymous>" 
:1919886:2394548:96989256:6438:"%*%" 1#36 "FUN" "apply" 1#42 "brute_force_knapsack" 1#55 "eval" "eval" "source_one" "source_many" "force" "in_dir" "load_code" "load_all" "<Anonymous>" 
:1717237:2394548:72149448:5249:"t" 1#36 "FUN" "apply" 1#42 "brute_force_knapsack" 1#55 "eval" "eval" "source_one" "source_many" "force" "in_dir" "load_code" "load_all" "<Anonymous>" 
:1801858:2394548:82426568:6593:"<Anonymous>" "[[.data.frame" "[[" "$.data.frame" "$" "t" 1#36 "FUN" "apply" 1#42 "brute_force_knapsack" 1#55 "eval" "eval" "source_one" "source_many" "force" "in_dir" "load_code" "load_all" "<Anonymous>" 
:1889378:2394548:93052792:6818:"apply" 1#42 "brute_force_knapsack" 1#55 "eval" "eval" "source_one" "source_many" "force" "in_dir" "load_code" "load_all" "<Anonymous>" 
:1682883:2394548:67741296:4818:1#36 "FUN" "apply" 1#42 "brute_force_knapsack" 1#55 "eval" "eval" "source_one" "source_many" "force" "in_dir" "load_code" "load_all" "<Anonymous>" 
:1767128:2394548:77975632:6566:"[[.data.frame" "[[" "$.data.frame" "$" "t" 1#36 "FUN" "apply" 1#42 "brute_force_knapsack" 1#55 "eval" "eval" "source_one" "source_many" "force" "in_dir" "load_code" "load_all" "<Anonymous>" 
:1851217:2394548:88191208:6554:"t" 1#36 "FUN" "apply" 1#42 "brute_force_knapsack" 1#55 "eval" "eval" "source_one" "source_many" "force" "in_dir" "load_code" "load_all" "<Anonymous>" 
:1932905:2394548:98108864:6363:"$" "t" 1#36 "FUN" "apply" 1#42 "brute_force_knapsack" 1#55 "eval" "eval" "source_one" "source_many" "force" "in_dir" "load_code" "load_all" "<Anonymous>" 
:1730437:2394548:73283392:5003:1#36 "FUN" "apply" 1#42 "brute_force_knapsack" 1#55 "eval" "eval" "source_one" "source_many" "force" "in_dir" "load_code" "load_all" "<Anonymous>" 
:1813774:2394548:83409760:6497:1#36 "t" 1#36 "FUN" "apply" 1#42 "brute_force_knapsack" 1#55 "eval" "eval" "source_one" "source_many" "force" "in_dir" "load_code" "load_all" "<Anonymous>" 
:1897219:2394548:93539768:6499:1#34 "FUN" "apply" 1#42 "brute_force_knapsack" 1#55 "eval" "eval" "source_one" "source_many" "force" "in_dir" "load_code" "load_all" "<Anonymous>" 
:1696388:2394548:68929616:5014:"t" 1#36 "FUN" "apply" 1#42 "brute_force_knapsack" 1#55 "eval" "eval" "source_one" "source_many" "force" "in_dir" "load_code" "load_all" "<Anonymous>" 
:1779788:2394548:79058560:6499:1#36 "t" 1#36 "FUN" "apply" 1#42 "brute_force_knapsack" 1#55 "eval" "eval" "source_one" "source_many" "force" "in_dir" "load_code" "load_all" "<Anonymous>" 
:1862639:2394548:89121200:6456:"t.default" "t" 1#36 "FUN" "apply" 1#42 "brute_force_knapsack" 1#55 "eval" "eval" "source_one" "source_many" "force" "in_dir" "load_code" "load_all" "<Anonymous>" 
:1942477:2394548:98816928:6220:"%in%" "[[.data.frame" "[[" "$.data.frame" "$" "t" 1#36 "FUN" "apply" 1#42 "brute_force_knapsack" 1#55 "eval" "eval" "source_one" "source_many" "force" "in_dir" "load_code" "load_all" "<Anonymous>" 
:1742340:2394548:74280528:4935:1#40 "FUN" "apply" 1#42 "brute_force_knapsack" 1#55 "eval" "eval" "source_one" "source_many" "force" "in_dir" "load_code" "load_all" "<Anonymous>" 
:1829678:2394548:84887936:6804:"$" "t" 1#36 "FUN" "apply" 1#42 "brute_force_knapsack" 1#55 "eval" "eval" "source_one" "source_many" "force" "in_dir" "load_code" "load_all" "<Anonymous>" 
:1911539:2394548:94834264:6382:"t" 1#36 "FUN" "apply" 1#42 "brute_force_knapsack" 1#55 "eval" "eval" "source_one" "source_many" "force" "in_dir" "load_code" "load_all" "<Anonymous>" 
:1705012:2394548:69524504:4311:"[[" "$.data.frame" "$" "t" 1#36 "FUN" "apply" 1#42 "brute_force_knapsack" 1#55 "eval" "eval" "source_one" "source_many" "force" "in_dir" "load_code" "load_all" "<Anonymous>" 
:1776633:2394548:78227072:5584:"t.default" "t" 1#36 "FUN" "apply" 1#42 "brute_force_knapsack" 1#55 "eval" "eval" "source_one" "source_many" "force" "in_dir" "load_code" "load_all" "<Anonymous>" 
:1848791:2394548:86990064:5622:1#36 "t" 1#36 "FUN" "apply" 1#42 "brute_force_knapsack" 1#55 "eval" "eval" "source_one" "source_many" "force" "in_dir" "load_code" "load_all" "<Anonymous>" 
:1928470:2394548:96665128:6207:"[[.data.frame" "[[" "$.data.frame" "$" "t" 1#36 "FUN" "apply" 1#42 "brute_force_knapsack" 1#55 "eval" "eval" "source_one" "source_many" "force" "in_dir" "load_code" "load_all" "<Anonymous>" 
:1949027:2394548:99161944:1602:"nargs" "[[.data.frame" "[[" "$.data.frame" "$" "t" 1#36 "FUN" "apply" 1#42 "brute_force_knapsack" 1#55 "eval" "eval" "source_one" "source_many" "force" "in_dir" "load_code" "load_all" "<Anonymous>" 
:1241286:2296244:72988328:6007:"match" "%in%" "[[.data.frame" "[[" "$.data.frame" "$" "t" 1#36 "FUN" "apply" 1#42 "brute_force_knapsack" 1#55 "eval" "eval" "source_one" "source_many" "force" "in_dir" "load_code" "load_all" "<Anonymous>" 
:1325188:2296244:83176296:6537:"apply" 1#42 "brute_force_knapsack" 1#55 "eval" "eval" "source_one" "source_many" "force" "in_dir" "load_code" "load_all" "<Anonymous>" 
:1407525:2296244:93179128:6417:"match" "%in%" "[[.data.frame" "[[" "$.data.frame" "$" "t" 1#36 "FUN" "apply" 1#42 "brute_force_knapsack" 1#55 "eval" "eval" "source_one" "source_many" "force" "in_dir" "load_code" "load_all" "<Anonymous>" 
:1176564:2296244:64878520:4504:"$.data.frame" "$" "t" 1#36 "FUN" "apply" 1#42 "brute_force_knapsack" 1#55 "eval" "eval" "source_one" "source_many" "force" "in_dir" "load_code" "load_all" "<Anonymous>" 
:1261495:2296244:75194112:6618:"[[" "$.data.frame" "$" "t" 1#36 "FUN" "apply" 1#42 "brute_force_knapsack" 1#55 "eval" "eval" "source_one" "source_many" "force" "in_dir" "load_code" "load_all" "<Anonymous>" 
:1346677:2296244:85542800:6640:1#36 "t" 1#36 "FUN" "apply" 1#42 "brute_force_knapsack" 1#55 "eval" "eval" "source_one" "source_many" "force" "in_dir" "load_code" "load_all" "<Anonymous>" 
:1426811:2296244:95271120:6241:"t" 1#36 "FUN" "apply" 1#42 "brute_force_knapsack" 1#55 "eval" "eval" "source_one" "source_many" "force" "in_dir" "load_code" "load_all" "<Anonymous>" 
:1208934:2296244:68568024:5393:"t.default" "t" 1#36 "FUN" "apply" 1#42 "brute_force_knapsack" 1#55 "eval" "eval" "source_one" "source_many" "force" "in_dir" "load_code" "load_all" "<Anonymous>" 
:1292164:2296244:78674568:6483:"match" "%in%" "[[.data.frame" "[[" "$.data.frame" "$" "t" 1#36 "FUN" "apply" 1#42 "brute_force_knapsack" 1#55 "eval" "eval" "source_one" "source_many" "force" "in_dir" "load_code" "load_all" "<Anonymous>" 
:1334838:2296244:83858768:3327:1#36 "t" 1#36 "FUN" "apply" 1#42 "brute_force_knapsack" 1#55 "eval" "eval" "source_one" "source_many" "force" "in_dir" "load_code" "load_all" "<Anonymous>" 
:1375478:2296244:88793488:3165:"sys.call" "match" "%in%" "[[.data.frame" "[[" "$.data.frame" "$" "t" 1#36 "FUN" "apply" 1#42 "brute_force_knapsack" 1#55 "eval" "eval" "source_one" "source_many" "force" "in_dir" "load_code" "load_all" "<Anonymous>" 
:1415261:2296244:93622704:3100:"%*%" 1#36 "FUN" "apply" 1#42 "brute_force_knapsack" 1#55 "eval" "eval" "source_one" "source_many" "force" "in_dir" "load_code" "load_all" "<Anonymous>" 
:1452895:2296244:98195608:2934:"%*%" 1#36 "FUN" "apply" 1#42 "brute_force_knapsack" 1#55 "eval" "eval" "source_one" "source_many" "force" "in_dir" "load_code" "load_all" "<Anonymous>" 
:1190520:2296244:66084088:1785:"match" "%in%" "[[.data.frame" "[[" "$.data.frame" "$" "t" 1#36 "FUN" "apply" 1#42 "brute_force_knapsack" 1#55 "eval" "eval" "source_one" "source_many" "force" "in_dir" "load_code" "load_all" "<Anonymous>" 
:1229454:2296244:70810376:3033:"FUN" "apply" 1#42 "brute_force_knapsack" 1#55 "eval" "eval" "source_one" "source_many" "force" "in_dir" "load_code" "load_all" "<Anonymous>" 
:1294616:2296244:78724800:5077:"$.data.frame" "$" "t" 1#36 "FUN" "apply" 1#42 "brute_force_knapsack" 1#55 "eval" "eval" "source_one" "source_many" "force" "in_dir" "load_code" "load_all" "<Anonymous>" 
:1359659:2296244:86624160:5069:1#37 "FUN" "apply" 1#42 "brute_force_knapsack" 1#55 "eval" "eval" "source_one" "source_many" "force" "in_dir" "load_code" "load_all" "<Anonymous>" 
:1424673:2296244:94523128:5067:"sys.call" "match" "%in%" "[[.data.frame" "[[" "$.data.frame" "$" "t" 1#36 "FUN" "apply" 1#42 "brute_force_knapsack" 1#55 "eval" "eval" "source_one" "source_many" "force" "in_dir" "load_code" "load_all" "<Anonymous>" 
:1204727:2296244:67564616:4955:"[[.data.frame" "[[" "$.data.frame" "$" "t" 1#36 "FUN" "apply" 1#42 "brute_force_knapsack" 1#55 "eval" "eval" "source_one" "source_many" "force" "in_dir" "load_code" "load_all" "<Anonymous>" 
:1291884:2296244:78147832:6790:1#36 "FUN" "apply" 1#42 "brute_force_knapsack" 1#55 "eval" "eval" "source_one" "source_many" "force" "in_dir" "load_code" "load_all" "<Anonymous>" 
:1375210:2296244:88272856:6496:"<Anonymous>" "[[.data.frame" "[[" "$.data.frame" "$" "t" 1#36 "FUN" "apply" 1#42 "brute_force_knapsack" 1#55 "eval" "eval" "source_one" "source_many" "force" "in_dir" "load_code" "load_all" "<Anonymous>" 
:1455437:2296244:98014056:6250:"[[" "$.data.frame" "$" "t" 1#36 "FUN" "apply" 1#42 "brute_force_knapsack" 1#55 "eval" "eval" "source_one" "source_many" "force" "in_dir" "load_code" "load_all" "<Anonymous>" 
:1235381:2296244:71046472:4816:1#37 "FUN" "apply" 1#42 "brute_force_knapsack" 1#55 "eval" "eval" "source_one" "source_many" "force" "in_dir" "load_code" "load_all" "<Anonymous>" 
:1318175:2296244:81100992:6450:"apply" 1#42 "brute_force_knapsack" 1#55 "eval" "eval" "source_one" "source_many" "force" "in_dir" "load_code" "load_all" "<Anonymous>" 
:1402182:2296244:91304192:6546:1#36 "FUN" "apply" 1#42 "brute_force_knapsack" 1#55 "eval" "eval" "source_one" "source_many" "force" "in_dir" "load_code" "load_all" "<Anonymous>" 
:1187903:2296244:65042208:5134:"t" 1#36 "FUN" "apply" 1#42 "brute_force_knapsack" 1#55 "eval" "eval" "source_one" "source_many" "force" "in_dir" "load_code" "load_all" "<Anonymous>" 
:1270517:2296244:75073544:6436:"nargs" "[[.data.frame" "[[" "$.data.frame" "$" "t" 1#36 "FUN" "apply" 1#42 "brute_force_knapsack" 1#55 "eval" "eval" "source_one" "source_many" "force" "in_dir" "load_code" "load_all" "<Anonymous>" 
:1358913:2296244:85809192:6888:"[[" "$.data.frame" "$" "t" 1#36 "FUN" "apply" 1#42 "brute_force_knapsack" 1#55 "eval" "eval" "source_one" "source_many" "force" "in_dir" "load_code" "load_all" "<Anonymous>" 
